[2026-02-23 21:07:09] production.ERROR: Method Illuminate\Foundation\Console\ClosureCommand::hourly does not exist. {"exception":"[object] (BadMethodCallException(code: 0): Method Illuminate\\Foundation\\Console\\ClosureCommand::hourly does not exist. at C:/Users/radim/OneDrive/Desktop/ecommerce-pro-v4/vendor/laravel/framework/src/Illuminate/Macroable/Traits/Macroable.php:112)
[stacktrace]
#0 C:/Users/radim/OneDrive/Desktop/ecommerce-pro-v4/routes/console.php(8): Illuminate/Console/Command->__call()
#1 C:/Users/radim/OneDrive/Desktop/ecommerce-pro-v4/app/Console/Kernel.php(25): require('...')
#2 C:/Users/radim/OneDrive/Desktop/ecommerce-pro-v4/vendor/laravel/framework/src/Illuminate/Foundation/Console/Kernel.php(453): App/Console/Kernel->commands()
#3 C:/Users/radim/OneDrive/Desktop/ecommerce-pro-v4/vendor/laravel/framework/src/Illuminate/Foundation/Console/Kernel.php(199): Illuminate/Foundation/Console/Kernel->bootstrap()
#4 C:/Users/radim/OneDrive/Desktop/ecommerce-pro-v4/artisan(12): Illuminate/Foundation/Console/Kernel->handle()
#5 {main}
"} 
[2026-02-26 14:50:44] production.ERROR: Method Illuminate\Foundation\Console\ClosureCommand::hourly does not exist. {"exception":"[object] (BadMethodCallException(code: 0): Method Illuminate\\Foundation\\Console\\ClosureCommand::hourly does not exist. at C:/Users/radim/OneDrive/Desktop/ecommerce-pro-v4/vendor/laravel/framework/src/Illuminate/Macroable/Traits/Macroable.php:112)
[stacktrace]
#0 C:/Users/radim/OneDrive/Desktop/ecommerce-pro-v4/routes/console.php(8): Illuminate/Console/Command->__call()
#1 C:/Users/radim/OneDrive/Desktop/ecommerce-pro-v4/app/Console/Kernel.php(25): require('...')
#2 C:/Users/radim/OneDrive/Desktop/ecommerce-pro-v4/vendor/laravel/framework/src/Illuminate/Foundation/Console/Kernel.php(453): App/Console/Kernel->commands()
#3 C:/Users/radim/OneDrive/Desktop/ecommerce-pro-v4/vendor/laravel/framework/src/Illuminate/Foundation/Console/Kernel.php(199): Illuminate/Foundation/Console/Kernel->bootstrap()
#4 C:/Users/radim/OneDrive/Desktop/ecommerce-pro-v4/artisan(12): Illuminate/Foundation/Console/Kernel->handle()
#5 {main}
"} 
[2026-02-26 15:56:34] local.ERROR: SQLSTATE[23000]: Integrity constraint violation: 1062 Duplicate entry 'admin@example.com' for key 'users.users_email_unique' (Connection: mysql, SQL: insert into `users` (`name`, `email`, `password`, `is_admin`, `email_verified_at`, `updated_at`, `created_at`) values (Admin User, admin@example.com, $2y$12$jKbO27uZ0pYdYyWXkAwJI.11XV0YtraqX6m2SWA6hkpntpu6MRmwW, 1, 2026-02-26 15:56:34, 2026-02-26 15:56:34, 2026-02-26 15:56:34)) {"exception":"[object] (Illuminate\\Database\\UniqueConstraintViolationException(code: 23000): SQLSTATE[23000]: Integrity constraint violation: 1062 Duplicate entry 'admin@example.com' for key 'users.users_email_unique' (Connection: mysql, SQL: insert into `users` (`name`, `email`, `password`, `is_admin`, `email_verified_at`, `updated_at`, `created_at`) values (Admin User, admin@example.com, $2y$12$jKbO27uZ0pYdYyWXkAwJI.11XV0YtraqX6m2SWA6hkpntpu6MRmwW, 1, 2026-02-26 15:56:34, 2026-02-26 15:56:34, 2026-02-26 15:56:34)) at C:/Users/radim/Downloads/ecommerce-pro/ecommerce-pro-v4/vendor/laravel/framework/src/Illuminate/Database/Connection.php:824)
[stacktrace]
#0 C:/Users/radim/Downloads/ecommerce-pro/ecommerce-pro-v4/vendor/laravel/framework/src/Illuminate/Database/Connection.php(783): Illuminate/Database/Connection->runQueryCallback()
#1 C:/Users/radim/Downloads/ecommerce-pro/ecommerce-pro-v4/vendor/laravel/framework/src/Illuminate/Database/MySqlConnection.php(34): Illuminate/Database/Connection->run()
#2 C:/Users/radim/Downloads/ecommerce-pro/ecommerce-pro-v4/vendor/laravel/framework/src/Illuminate/Database/Query/Processors/MySqlProcessor.php(35): Illuminate/Database/MySqlConnection->insert()
#3 C:/Users/radim/Downloads/ecommerce-pro/ecommerce-pro-v4/vendor/laravel/framework/src/Illuminate/Database/Query/Builder.php(3549): Illuminate/Database/Query/Processors/MySqlProcessor->processInsertGetId()
#4 C:/Users/radim/Downloads/ecommerce-pro/ecommerce-pro-v4/vendor/laravel/framework/src/Illuminate/Database/Eloquent/Builder.php(1982): Illuminate/Database/Query/Builder->insertGetId()
#5 C:/Users/radim/Downloads/ecommerce-pro/ecommerce-pro-v4/vendor/laravel/framework/src/Illuminate/Database/Eloquent/Model.php(1334): Illuminate/Database/Eloquent/Builder->__call()
#6 C:/Users/radim/Downloads/ecommerce-pro/ecommerce-pro-v4/vendor/laravel/framework/src/Illuminate/Database/Eloquent/Model.php(1299): Illuminate/Database/Eloquent/Model->insertAndSetId()
#7 C:/Users/radim/Downloads/ecommerce-pro/ecommerce-pro-v4/vendor/laravel/framework/src/Illuminate/Database/Eloquent/Model.php(1138): Illuminate/Database/Eloquent/Model->performInsert()
#8 C:/Users/radim/Downloads/ecommerce-pro/ecommerce-pro-v4/vendor/laravel/framework/src/Illuminate/Database/Eloquent/Builder.php(1025): Illuminate/Database/Eloquent/Model->save()
#9 C:/Users/radim/Downloads/ecommerce-pro/ecommerce-pro-v4/vendor/laravel/framework/src/Illuminate/Support/helpers.php(320): Illuminate/Database/Eloquent/Builder->Illuminate/Database/Eloquent/{closure}()
#10 C:/Users/radim/Downloads/ecommerce-pro/ecommerce-pro-v4/vendor/laravel/framework/src/Illuminate/Database/Eloquent/Builder.php(1024): tap()
#11 C:/Users/radim/Downloads/ecommerce-pro/ecommerce-pro-v4/vendor/laravel/framework/src/Illuminate/Support/Traits/ForwardsCalls.php(23): Illuminate/Database/Eloquent/Builder->create()
#12 C:/Users/radim/Downloads/ecommerce-pro/ecommerce-pro-v4/vendor/laravel/framework/src/Illuminate/Database/Eloquent/Model.php(2335): Illuminate/Database/Eloquent/Model->forwardCallTo()
#13 C:/Users/radim/Downloads/ecommerce-pro/ecommerce-pro-v4/vendor/laravel/framework/src/Illuminate/Database/Eloquent/Model.php(2347): Illuminate/Database/Eloquent/Model->__call()
#14 C:/Users/radim/Downloads/ecommerce-pro/ecommerce-pro-v4/database/seeders/DatabaseSeeder.php(20): Illuminate/Database/Eloquent/Model::__callStatic()
#15 C:/Users/radim/Downloads/ecommerce-pro/ecommerce-pro-v4/vendor/laravel/framework/src/Illuminate/Container/BoundMethod.php(36): Database/Seeders/DatabaseSeeder->run()
#16 C:/Users/radim/Downloads/ecommerce-pro/ecommerce-pro-v4/vendor/laravel/framework/src/Illuminate/Container/Util.php(41): Illuminate/Container/BoundMethod::Illuminate/Container/{closure}()
#17 C:/Users/radim/Downloads/ecommerce-pro/ecommerce-pro-v4/vendor/laravel/framework/src/Illuminate/Container/BoundMethod.php(93): Illuminate/Container/Util::unwrapIfClosure()
#18 C:/Users/radim/Downloads/ecommerce-pro/ecommerce-pro-v4/vendor/laravel/framework/src/Illuminate/Container/BoundMethod.php(35): Illuminate/Container/BoundMethod::callBoundMethod()
#19 C:/Users/radim/Downloads/ecommerce-pro/ecommerce-pro-v4/vendor/laravel/framework/src/Illuminate/Container/Container.php(662): Illuminate/Container/BoundMethod::call()
#20 C:/Users/radim/Downloads/ecommerce-pro/ecommerce-pro-v4/vendor/laravel/framework/src/Illuminate/Database/Seeder.php(184): Illuminate/Container/Container->call()
#21 C:/Users/radim/Downloads/ecommerce-pro/ecommerce-pro-v4/vendor/laravel/framework/src/Illuminate/Database/Seeder.php(193): Illuminate/Database/Seeder->Illuminate/Database/{closure}()
#22 C:/Users/radim/Downloads/ecommerce-pro/ecommerce-pro-v4/vendor/laravel/framework/src/Illuminate/Database/Console/Seeds/SeedCommand.php(70): Illuminate/Database/Seeder->__invoke()
#23 C:/Users/radim/Downloads/ecommerce-pro/ecommerce-pro-v4/vendor/laravel/framework/src/Illuminate/Database/Eloquent/Concerns/GuardsAttributes.php(155): Illuminate/Database/Console/Seeds/SeedCommand->Illuminate/Database/Console/Seeds/{closure}()
#24 C:/Users/radim/Downloads/ecommerce-pro/ecommerce-pro-v4/vendor/laravel/framework/src/Illuminate/Database/Console/Seeds/SeedCommand.php(69): Illuminate/Database/Eloquent/Model::unguarded()
#25 C:/Users/radim/Downloads/ecommerce-pro/ecommerce-pro-v4/vendor/laravel/framework/src/Illuminate/Container/BoundMethod.php(36): Illuminate/Database/Console/Seeds/SeedCommand->handle()
#26 C:/Users/radim/Downloads/ecommerce-pro/ecommerce-pro-v4/vendor/laravel/framework/src/Illuminate/Container/Util.php(41): Illuminate/Container/BoundMethod::Illuminate/Container/{closure}()
#27 C:/Users/radim/Downloads/ecommerce-pro/ecommerce-pro-v4/vendor/laravel/framework/src/Illuminate/Container/BoundMethod.php(93): Illuminate/Container/Util::unwrapIfClosure()
#28 C:/Users/radim/Downloads/ecommerce-pro/ecommerce-pro-v4/vendor/laravel/framework/src/Illuminate/Container/BoundMethod.php(35): Illuminate/Container/BoundMethod::callBoundMethod()
#29 C:/Users/radim/Downloads/ecommerce-pro/ecommerce-pro-v4/vendor/laravel/framework/src/Illuminate/Container/Container.php(662): Illuminate/Container/BoundMethod::call()
#30 C:/Users/radim/Downloads/ecommerce-pro/ecommerce-pro-v4/vendor/laravel/framework/src/Illuminate/Console/Command.php(211): Illuminate/Container/Container->call()
#31 C:/Users/radim/Downloads/ecommerce-pro/ecommerce-pro-v4/vendor/symfony/console/Command/Command.php(326): Illuminate/Console/Command->execute()
#32 C:/Users/radim/Downloads/ecommerce-pro/ecommerce-pro-v4/vendor/laravel/framework/src/Illuminate/Console/Command.php(180): Symfony/Component/Console/Command/Command->run()
#33 C:/Users/radim/Downloads/ecommerce-pro/ecommerce-pro-v4/vendor/laravel/framework/src/Illuminate/Console/Concerns/CallsCommands.php(67): Illuminate/Console/Command->run()
#34 C:/Users/radim/Downloads/ecommerce-pro/ecommerce-pro-v4/vendor/laravel/framework/src/Illuminate/Console/Concerns/CallsCommands.php(28): Illuminate/Console/Command->runCommand()
#35 C:/Users/radim/Downloads/ecommerce-pro/ecommerce-pro-v4/vendor/laravel/framework/src/Illuminate/Database/Console/Migrations/MigrateCommand.php(99): Illuminate/Console/Command->call()
#36 C:/Users/radim/Downloads/ecommerce-pro/ecommerce-pro-v4/vendor/laravel/framework/src/Illuminate/Database/Migrations/Migrator.php(641): Illuminate/Database/Console/Migrations/MigrateCommand->Illuminate/Database/Console/Migrations/{closure}()
#37 C:/Users/radim/Downloads/ecommerce-pro/ecommerce-pro-v4/vendor/laravel/framework/src/Illuminate/Database/Console/Migrations/MigrateCommand.php(83): Illuminate/Database/Migrations/Migrator->usingConnection()
#38 C:/Users/radim/Downloads/ecommerce-pro/ecommerce-pro-v4/vendor/laravel/framework/src/Illuminate/Container/BoundMethod.php(36): Illuminate/Database/Console/Migrations/MigrateCommand->handle()
#39 C:/Users/radim/Downloads/ecommerce-pro/ecommerce-pro-v4/vendor/laravel/framework/src/Illuminate/Container/Util.php(41): Illuminate/Container/BoundMethod::Illuminate/Container/{closure}()
#40 C:/Users/radim/Downloads/ecommerce-pro/ecommerce-pro-v4/vendor/laravel/framework/src/Illuminate/Container/BoundMethod.php(93): Illuminate/Container/Util::unwrapIfClosure()
#41 C:/Users/radim/Downloads/ecommerce-pro/ecommerce-pro-v4/vendor/laravel/framework/src/Illuminate/Container/BoundMethod.php(35): Illuminate/Container/BoundMethod::callBoundMethod()
#42 C:/Users/radim/Downloads/ecommerce-pro/ecommerce-pro-v4/vendor/laravel/framework/src/Illuminate/Container/Container.php(662): Illuminate/Container/BoundMethod::call()
#43 C:/Users/radim/Downloads/ecommerce-pro/ecommerce-pro-v4/vendor/laravel/framework/src/Illuminate/Console/Command.php(211): Illuminate/Container/Container->call()
#44 C:/Users/radim/Downloads/ecommerce-pro/ecommerce-pro-v4/vendor/symfony/console/Command/Command.php(326): Illuminate/Console/Command->execute()
#45 C:/Users/radim/Downloads/ecommerce-pro/ecommerce-pro-v4/vendor/laravel/framework/src/Illuminate/Console/Command.php(180): Symfony/Component/Console/Command/Command->run()
#46 C:/Users/radim/Downloads/ecommerce-pro/ecommerce-pro-v4/vendor/symfony/console/Application.php(1106): Illuminate/Console/Command->run()
#47 C:/Users/radim/Downloads/ecommerce-pro/ecommerce-pro-v4/vendor/symfony/console/Application.php(324): Symfony/Component/Console/Application->doRunCommand()
#48 C:/Users/radim/Downloads/ecommerce-pro/ecommerce-pro-v4/vendor/symfony/console/Application.php(175): Symfony/Component/Console/Application->doRun()
#49 C:/Users/radim/Downloads/ecommerce-pro/ecommerce-pro-v4/vendor/laravel/framework/src/Illuminate/Foundation/Console/Kernel.php(201): Symfony/Component/Console/Application->run()
#50 C:/Users/radim/Downloads/ecommerce-pro/ecommerce-pro-v4/artisan(12): Illuminate/Foundation/Console/Kernel->handle()
#51 {main}

[previous exception] [object] (PDOException(code: 23000): SQLSTATE[23000]: Integrity constraint violation: 1062 Duplicate entry 'admin@example.com' for key 'users.users_email_unique' at C:/Users/radim/Downloads/ecommerce-pro/ecommerce-pro-v4/vendor/laravel/framework/src/Illuminate/Database/MySqlConnection.php:45)
[stacktrace]
#0 C:/Users/radim/Downloads/ecommerce-pro/ecommerce-pro-v4/vendor/laravel/framework/src/Illuminate/Database/MySqlConnection.php(45): PDOStatement->execute()
#1 C:/Users/radim/Downloads/ecommerce-pro/ecommerce-pro-v4/vendor/laravel/framework/src/Illuminate/Database/Connection.php(816): Illuminate/Database/MySqlConnection->Illuminate/Database/{closure}()
#2 C:/Users/radim/Downloads/ecommerce-pro/ecommerce-pro-v4/vendor/laravel/framework/src/Illuminate/Database/Connection.php(783): Illuminate/Database/Connection->runQueryCallback()
#3 C:/Users/radim/Downloads/ecommerce-pro/ecommerce-pro-v4/vendor/laravel/framework/src/Illuminate/Database/MySqlConnection.php(34): Illuminate/Database/Connection->run()
#4 C:/Users/radim/Downloads/ecommerce-pro/ecommerce-pro-v4/vendor/laravel/framework/src/Illuminate/Database/Query/Processors/MySqlProcessor.php(35): Illuminate/Database/MySqlConnection->insert()
#5 C:/Users/radim/Downloads/ecommerce-pro/ecommerce-pro-v4/vendor/laravel/framework/src/Illuminate/Database/Query/Builder.php(3549): Illuminate/Database/Query/Processors/MySqlProcessor->processInsertGetId()
#6 C:/Users/radim/Downloads/ecommerce-pro/ecommerce-pro-v4/vendor/laravel/framework/src/Illuminate/Database/Eloquent/Builder.php(1982): Illuminate/Database/Query/Builder->insertGetId()
#7 C:/Users/radim/Downloads/ecommerce-pro/ecommerce-pro-v4/vendor/laravel/framework/src/Illuminate/Database/Eloquent/Model.php(1334): Illuminate/Database/Eloquent/Builder->__call()
#8 C:/Users/radim/Downloads/ecommerce-pro/ecommerce-pro-v4/vendor/laravel/framework/src/Illuminate/Database/Eloquent/Model.php(1299): Illuminate/Database/Eloquent/Model->insertAndSetId()
#9 C:/Users/radim/Downloads/ecommerce-pro/ecommerce-pro-v4/vendor/laravel/framework/src/Illuminate/Database/Eloquent/Model.php(1138): Illuminate/Database/Eloquent/Model->performInsert()
#10 C:/Users/radim/Downloads/ecommerce-pro/ecommerce-pro-v4/vendor/laravel/framework/src/Illuminate/Database/Eloquent/Builder.php(1025): Illuminate/Database/Eloquent/Model->save()
#11 C:/Users/radim/Downloads/ecommerce-pro/ecommerce-pro-v4/vendor/laravel/framework/src/Illuminate/Support/helpers.php(320): Illuminate/Database/Eloquent/Builder->Illuminate/Database/Eloquent/{closure}()
#12 C:/Users/radim/Downloads/ecommerce-pro/ecommerce-pro-v4/vendor/laravel/framework/src/Illuminate/Database/Eloquent/Builder.php(1024): tap()
#13 C:/Users/radim/Downloads/ecommerce-pro/ecommerce-pro-v4/vendor/laravel/framework/src/Illuminate/Support/Traits/ForwardsCalls.php(23): Illuminate/Database/Eloquent/Builder->create()
#14 C:/Users/radim/Downloads/ecommerce-pro/ecommerce-pro-v4/vendor/laravel/framework/src/Illuminate/Database/Eloquent/Model.php(2335): Illuminate/Database/Eloquent/Model->forwardCallTo()
#15 C:/Users/radim/Downloads/ecommerce-pro/ecommerce-pro-v4/vendor/laravel/framework/src/Illuminate/Database/Eloquent/Model.php(2347): Illuminate/Database/Eloquent/Model->__call()
#16 C:/Users/radim/Downloads/ecommerce-pro/ecommerce-pro-v4/database/seeders/DatabaseSeeder.php(20): Illuminate/Database/Eloquent/Model::__callStatic()
#17 C:/Users/radim/Downloads/ecommerce-pro/ecommerce-pro-v4/vendor/laravel/framework/src/Illuminate/Container/BoundMethod.php(36): Database/Seeders/DatabaseSeeder->run()
#18 C:/Users/radim/Downloads/ecommerce-pro/ecommerce-pro-v4/vendor/laravel/framework/src/Illuminate/Container/Util.php(41): Illuminate/Container/BoundMethod::Illuminate/Container/{closure}()
#19 C:/Users/radim/Downloads/ecommerce-pro/ecommerce-pro-v4/vendor/laravel/framework/src/Illuminate/Container/BoundMethod.php(93): Illuminate/Container/Util::unwrapIfClosure()
#20 C:/Users/radim/Downloads/ecommerce-pro/ecommerce-pro-v4/vendor/laravel/framework/src/Illuminate/Container/BoundMethod.php(35): Illuminate/Container/BoundMethod::callBoundMethod()
#21 C:/Users/radim/Downloads/ecommerce-pro/ecommerce-pro-v4/vendor/laravel/framework/src/Illuminate/Container/Container.php(662): Illuminate/Container/BoundMethod::call()
#22 C:/Users/radim/Downloads/ecommerce-pro/ecommerce-pro-v4/vendor/laravel/framework/src/Illuminate/Database/Seeder.php(184): Illuminate/Container/Container->call()
#23 C:/Users/radim/Downloads/ecommerce-pro/ecommerce-pro-v4/vendor/laravel/framework/src/Illuminate/Database/Seeder.php(193): Illuminate/Database/Seeder->Illuminate/Database/{closure}()
#24 C:/Users/radim/Downloads/ecommerce-pro/ecommerce-pro-v4/vendor/laravel/framework/src/Illuminate/Database/Console/Seeds/SeedCommand.php(70): Illuminate/Database/Seeder->__invoke()
#25 C:/Users/radim/Downloads/ecommerce-pro/ecommerce-pro-v4/vendor/laravel/framework/src/Illuminate/Database/Eloquent/Concerns/GuardsAttributes.php(155): Illuminate/Database/Console/Seeds/SeedCommand->Illuminate/Database/Console/Seeds/{closure}()
#26 C:/Users/radim/Downloads/ecommerce-pro/ecommerce-pro-v4/vendor/laravel/framework/src/Illuminate/Database/Console/Seeds/SeedCommand.php(69): Illuminate/Database/Eloquent/Model::unguarded()
#27 C:/Users/radim/Downloads/ecommerce-pro/ecommerce-pro-v4/vendor/laravel/framework/src/Illuminate/Container/BoundMethod.php(36): Illuminate/Database/Console/Seeds/SeedCommand->handle()
#28 C:/Users/radim/Downloads/ecommerce-pro/ecommerce-pro-v4/vendor/laravel/framework/src/Illuminate/Container/Util.php(41): Illuminate/Container/BoundMethod::Illuminate/Container/{closure}()
#29 C:/Users/radim/Downloads/ecommerce-pro/ecommerce-pro-v4/vendor/laravel/framework/src/Illuminate/Container/BoundMethod.php(93): Illuminate/Container/Util::unwrapIfClosure()
#30 C:/Users/radim/Downloads/ecommerce-pro/ecommerce-pro-v4/vendor/laravel/framework/src/Illuminate/Container/BoundMethod.php(35): Illuminate/Container/BoundMethod::callBoundMethod()
#31 C:/Users/radim/Downloads/ecommerce-pro/ecommerce-pro-v4/vendor/laravel/framework/src/Illuminate/Container/Container.php(662): Illuminate/Container/BoundMethod::call()
#32 C:/Users/radim/Downloads/ecommerce-pro/ecommerce-pro-v4/vendor/laravel/framework/src/Illuminate/Console/Command.php(211): Illuminate/Container/Container->call()
#33 C:/Users/radim/Downloads/ecommerce-pro/ecommerce-pro-v4/vendor/symfony/console/Command/Command.php(326): Illuminate/Console/Command->execute()
#34 C:/Users/radim/Downloads/ecommerce-pro/ecommerce-pro-v4/vendor/laravel/framework/src/Illuminate/Console/Command.php(180): Symfony/Component/Console/Command/Command->run()
#35 C:/Users/radim/Downloads/ecommerce-pro/ecommerce-pro-v4/vendor/laravel/framework/src/Illuminate/Console/Concerns/CallsCommands.php(67): Illuminate/Console/Command->run()
#36 C:/Users/radim/Downloads/ecommerce-pro/ecommerce-pro-v4/vendor/laravel/framework/src/Illuminate/Console/Concerns/CallsCommands.php(28): Illuminate/Console/Command->runCommand()
#37 C:/Users/radim/Downloads/ecommerce-pro/ecommerce-pro-v4/vendor/laravel/framework/src/Illuminate/Database/Console/Migrations/MigrateCommand.php(99): Illuminate/Console/Command->call()
#38 C:/Users/radim/Downloads/ecommerce-pro/ecommerce-pro-v4/vendor/laravel/framework/src/Illuminate/Database/Migrations/Migrator.php(641): Illuminate/Database/Console/Migrations/MigrateCommand->Illuminate/Database/Console/Migrations/{closure}()
#39 C:/Users/radim/Downloads/ecommerce-pro/ecommerce-pro-v4/vendor/laravel/framework/src/Illuminate/Database/Console/Migrations/MigrateCommand.php(83): Illuminate/Database/Migrations/Migrator->usingConnection()
#40 C:/Users/radim/Downloads/ecommerce-pro/ecommerce-pro-v4/vendor/laravel/framework/src/Illuminate/Container/BoundMethod.php(36): Illuminate/Database/Console/Migrations/MigrateCommand->handle()
#41 C:/Users/radim/Downloads/ecommerce-pro/ecommerce-pro-v4/vendor/laravel/framework/src/Illuminate/Container/Util.php(41): Illuminate/Container/BoundMethod::Illuminate/Container/{closure}()
#42 C:/Users/radim/Downloads/ecommerce-pro/ecommerce-pro-v4/vendor/laravel/framework/src/Illuminate/Container/BoundMethod.php(93): Illuminate/Container/Util::unwrapIfClosure()
#43 C:/Users/radim/Downloads/ecommerce-pro/ecommerce-pro-v4/vendor/laravel/framework/src/Illuminate/Container/BoundMethod.php(35): Illuminate/Container/BoundMethod::callBoundMethod()
#44 C:/Users/radim/Downloads/ecommerce-pro/ecommerce-pro-v4/vendor/laravel/framework/src/Illuminate/Container/Container.php(662): Illuminate/Container/BoundMethod::call()
#45 C:/Users/radim/Downloads/ecommerce-pro/ecommerce-pro-v4/vendor/laravel/framework/src/Illuminate/Console/Command.php(211): Illuminate/Container/Container->call()
#46 C:/Users/radim/Downloads/ecommerce-pro/ecommerce-pro-v4/vendor/symfony/console/Command/Command.php(326): Illuminate/Console/Command->execute()
#47 C:/Users/radim/Downloads/ecommerce-pro/ecommerce-pro-v4/vendor/laravel/framework/src/Illuminate/Console/Command.php(180): Symfony/Component/Console/Command/Command->run()
#48 C:/Users/radim/Downloads/ecommerce-pro/ecommerce-pro-v4/vendor/symfony/console/Application.php(1106): Illuminate/Console/Command->run()
#49 C:/Users/radim/Downloads/ecommerce-pro/ecommerce-pro-v4/vendor/symfony/console/Application.php(324): Symfony/Component/Console/Application->doRunCommand()
#50 C:/Users/radim/Downloads/ecommerce-pro/ecommerce-pro-v4/vendor/symfony/console/Application.php(175): Symfony/Component/Console/Application->doRun()
#51 C:/Users/radim/Downloads/ecommerce-pro/ecommerce-pro-v4/vendor/laravel/framework/src/Illuminate/Foundation/Console/Kernel.php(201): Symfony/Component/Console/Application->run()
#52 C:/Users/radim/Downloads/ecommerce-pro/ecommerce-pro-v4/artisan(12): Illuminate/Foundation/Console/Kernel->handle()
#53 {main}
"} 
